<?xml version="1.0" encoding="UTF-8"?>
<!-- Generated by org.testng.reporters.JUnitReportReporter -->
<testsuite hostname="RutolPC" name="ru.stqa.selenium.DelMovie" tests="1" failures="0" timestamp="30 Jul 2016 18:20:41 GMT" time="4.444" errors="0">
  <testcase name="testDelMovie" time="4.444" classname="ru.stqa.selenium.DelMovie"/>
</testsuite> <!-- ru.stqa.selenium.DelMovie -->
