<?xml version="1.0" encoding="UTF-8"?>
<!-- Generated by org.testng.reporters.JUnitReportReporter -->
<testsuite hostname="RutolPC" name="ru.stqa.selenium.DelMovie" tests="1" failures="0" timestamp="1 Aug 2016 19:07:46 GMT" time="4.512" errors="0">
  <testcase name="testDelMovie" time="4.512" classname="ru.stqa.selenium.DelMovie"/>
</testsuite> <!-- ru.stqa.selenium.DelMovie -->
