<?xml version="1.0" encoding="UTF-8"?>
<!-- Generated by org.testng.reporters.JUnitReportReporter -->
<testsuite hostname="RutolPC" name="ru.stqa.selenium.SearchMovie" tests="1" failures="0" timestamp="31 Jul 2016 21:06:18 GMT" time="5.147" errors="0">
  <testcase name="testSearchMovie" time="5.147" classname="ru.stqa.selenium.SearchMovie"/>
</testsuite> <!-- ru.stqa.selenium.SearchMovie -->
