<?xml version="1.0" encoding="UTF-8"?>
<!-- Generated by org.testng.reporters.JUnitReportReporter -->
<testsuite hostname="RutolPC" name="ru.stqa.selenium.DelMovieNo" tests="1" failures="0" timestamp="31 Jul 2016 20:42:07 GMT" time="4.526" errors="0">
  <testcase name="testDelMovie" time="4.526" classname="ru.stqa.selenium.DelMovieNo"/>
</testsuite> <!-- ru.stqa.selenium.DelMovieNo -->
