<?xml version="1.0" encoding="UTF-8"?>
<!-- Generated by org.testng.reporters.JUnitReportReporter -->
<testsuite hostname="RutolPC" name="ru.stqa.selenium.DelMovieNo" tests="1" failures="0" timestamp="30 Jul 2016 18:29:39 GMT" time="4.233" errors="0">
  <testcase name="testDelMovie" time="4.233" classname="ru.stqa.selenium.DelMovieNo"/>
</testsuite> <!-- ru.stqa.selenium.DelMovieNo -->
