<?xml version="1.0" encoding="UTF-8"?>
<!-- Generated by org.testng.reporters.JUnitReportReporter -->
<testsuite hostname="RutolPC" name="ru.stqa.selenium.SearchMovie" tests="1" failures="0" timestamp="1 Aug 2016 20:12:47 GMT" time="5.081" errors="0">
  <testcase name="testSearchMovie" time="5.081" classname="ru.stqa.selenium.SearchMovie"/>
</testsuite> <!-- ru.stqa.selenium.SearchMovie -->
