<?xml version="1.0" encoding="UTF-8"?>
<!-- Generated by org.testng.reporters.JUnitReportReporter -->
<testsuite hostname="RutolPC" name="ru.stqa.selenium.Addmovie" tests="1" failures="0" timestamp="31 Jul 2016 20:35:57 GMT" time="5.022" errors="0">
  <testcase name="testAddmovie" time="5.022" classname="ru.stqa.selenium.Addmovie"/>
</testsuite> <!-- ru.stqa.selenium.Addmovie -->
