<?xml version="1.0" encoding="UTF-8"?>
<!-- Generated by org.testng.reporters.JUnitReportReporter -->
<testsuite hostname="RutolPC" name="ru.stqa.selenium.LoginTest" tests="1" failures="0" timestamp="15 Jul 2016 20:21:54 GMT" time="82.396" errors="0">
  <testcase name="testLogin" time="82.396" classname="ru.stqa.selenium.LoginTest"/>
</testsuite> <!-- ru.stqa.selenium.LoginTest -->
