<?xml version="1.0" encoding="UTF-8"?>
<!-- Generated by org.testng.reporters.JUnitReportReporter -->
<testsuite hostname="RutolPC" name="ru.stqa.selenium.DelMovieNo" tests="1" failures="0" timestamp="1 Aug 2016 19:29:19 GMT" time="4.114" errors="0">
  <testcase name="testDelMovieNo" time="4.114" classname="ru.stqa.selenium.DelMovieNo"/>
</testsuite> <!-- ru.stqa.selenium.DelMovieNo -->
