<?xml version="1.0" encoding="UTF-8"?>
<!-- Generated by org.testng.reporters.JUnitReportReporter -->
<testsuite hostname="RutolPC" name="ru.stqa.selenium.Addmovie" tests="1" failures="0" timestamp="29 Jul 2016 20:23:55 GMT" time="4.874" errors="0">
  <testcase name="testAddmovie" time="4.874" classname="ru.stqa.selenium.Addmovie"/>
</testsuite> <!-- ru.stqa.selenium.Addmovie -->
